{
  "RSpec": {
    "coverage": {
      "/home/billy/dev/bitster/lib/bitster.rb": [
        1,
        1,
        1,
        1,
        1,
        1,
        1,
        null,
        null,
        1,
        null,
        1,
        1,
        null
      ],
      "/home/billy/dev/bitster/lib/bitster/version.rb": [
        1,
        1,
        null
      ],
      "/home/billy/dev/bitster/lib/bitster/crypto_math.rb": [
        1,
        null,
        null,
        null,
        null,
        null,
        null,
        1,
        null,
        null,
        null,
        null,
        null,
        null,
        null,
        1,
        2558,
        2558,
        2558,
        2558,
        974370,
        487391,
        null,
        974370,
        974370,
        null,
        2558,
        null,
        null,
        null,
        null,
        null,
        null,
        null,
        null,
        1,
        947,
        null,
        null,
        null,
        null,
        null,
        null,
        null,
        1,
        967,
        967,
        null,
        2006,
        null,
        24,
        null,
        null,
        null,
        null,
        null,
        null,
        null,
        null,
        null,
        null,
        null,
        null,
        null,
        null,
        null,
        null,
        null,
        null,
        null,
        null,
        null,
        null,
        null,
        null,
        null,
        null,
        null,
        null,
        null,
        null,
        null,
        null,
        null,
        null,
        null,
        1,
        34,
        34,
        34,
        64,
        64,
        64,
        null,
        34,
        null,
        null,
        1,
        34,
        372,
        372,
        null,
        372,
        134,
        10,
        null,
        24,
        null,
        null,
        1,
        134,
        175,
        175,
        175,
        null,
        10,
        null,
        null,
        null,
        null,
        null,
        null,
        null,
        1,
        954,
        954,
        954,
        954,
        463,
        null,
        null,
        null,
        null,
        null,
        null,
        1,
        2,
        2,
        2,
        2,
        2,
        0,
        null,
        2,
        0,
        null,
        2,
        1190,
        1190,
        1190,
        1190,
        null,
        null,
        2,
        2,
        2,
        null,
        null,
        1,
        null,
        null,
        null
      ],
      "/home/billy/dev/bitster/lib/bitster/var_helpers.rb": [
        1,
        1,
        1,
        null,
        1,
        16,
        16,
        null,
        null,
        1,
        null,
        null,
        null
      ],
      "/home/billy/dev/bitster/lib/bitster/rsa_key_pair.rb": [
        1,
        null,
        null,
        null,
        null,
        null,
        1,
        null,
        1,
        null,
        null,
        1,
        null,
        1,
        2,
        2,
        2,
        2,
        2,
        2,
        2,
        null,
        2,
        2,
        null,
        null,
        null,
        1,
        1,
        1,
        null,
        null,
        1,
        2,
        2,
        2,
        2,
        2,
        2,
        2,
        273,
        273,
        null,
        2,
        654,
        654,
        null,
        2,
        null,
        null,
        null,
        1,
        2,
        2,
        null,
        null,
        null,
        null,
        1,
        2,
        2,
        4,
        4,
        null,
        null,
        null,
        null,
        1,
        2,
        2,
        null,
        null,
        null,
        1,
        8,
        8,
        0,
        0,
        null,
        null,
        null,
        null
      ],
      "/home/billy/dev/bitster/lib/bitster/rsa_pub_key.rb": [
        1,
        null,
        null,
        null,
        null,
        1,
        null,
        1,
        null,
        1,
        4,
        4,
        4,
        null,
        null,
        1,
        4,
        null,
        null,
        1,
        3,
        null,
        null,
        1,
        1,
        null,
        null,
        null
      ],
      "/home/billy/dev/bitster/lib/bitster/rsa_private_key.rb": [
        1,
        null,
        null,
        null,
        null,
        1,
        null,
        1,
        null,
        1,
        4,
        4,
        4,
        4,
        null,
        null,
        1,
        4,
        null,
        null,
        1,
        3,
        null,
        null,
        1,
        1,
        null,
        null,
        null,
        null,
        null
      ],
      "/home/billy/dev/bitster/lib/bitster/rsa_machine.rb": [
        1,
        null,
        null,
        null,
        null,
        null,
        1,
        1,
        null,
        1,
        1,
        1,
        1,
        0,
        0,
        null,
        null,
        null,
        null,
        null,
        1,
        1,
        null,
        null,
        null,
        null,
        1,
        1,
        null,
        null,
        null,
        null
      ]
    },
    "timestamp": 1451132465
  }
}
