{
  "RSpec": {
    "coverage": {
      "/home/billy/dev/bitster/lib/bitster.rb": [
        1,
        1,
        1,
        1,
        1,
        1,
        1,
        null,
        null,
        1,
        null,
        1,
        1,
        null
      ],
      "/home/billy/dev/bitster/lib/bitster/crypto_math.rb": [
        1,
        null,
        null,
        null,
        null,
        null,
        null,
        1,
        null,
        null,
        null,
        null,
        null,
        null,
        null,
        1,
        1864,
        1864,
        1864,
        1864,
        585740,
        292732,
        null,
        585740,
        585740,
        null,
        1864,
        null,
        null,
        null,
        null,
        null,
        null,
        null,
        null,
        1,
        567,
        null,
        null,
        null,
        null,
        null,
        null,
        null,
        1,
        587,
        587,
        null,
        1246,
        null,
        24,
        null,
        null,
        null,
        null,
        null,
        1,
        34,
        34,
        69,
        69,
        69,
        null,
        34,
        416,
        416,
        416,
        416,
        268,
        null,
        148,
        199,
        199,
        199,
        138,
        138,
        null,
        null,
        148,
        10,
        null,
        24,
        null,
        null,
        null,
        null,
        null,
        null,
        null,
        1,
        574,
        574,
        574,
        574,
        276,
        null,
        null,
        null,
        null,
        null,
        null,
        1,
        2,
        2,
        2,
        2,
        null,
        2,
        0,
        null,
        2,
        0,
        null,
        2,
        1174,
        1174,
        1174,
        1174,
        null,
        2,
        0,
        null,
        2,
        2,
        null,
        2,
        null,
        null,
        1,
        null,
        null,
        null
      ],
      "/home/billy/dev/bitster/lib/bitster/var_helpers.rb": [
        1,
        1,
        1,
        null,
        1,
        16,
        16,
        null,
        null,
        1,
        null,
        null,
        null
      ],
      "/home/billy/dev/bitster/lib/bitster/rsa_key_pair.rb": [
        1,
        null,
        null,
        null,
        null,
        null,
        1,
        null,
        1,
        null,
        null,
        1,
        null,
        1,
        2,
        null,
        2,
        2,
        2,
        2,
        2,
        2,
        2,
        null,
        2,
        2,
        null,
        null,
        null,
        1,
        1,
        null,
        null,
        1,
        2,
        2,
        2,
        2,
        66,
        66,
        null,
        null,
        null,
        null,
        null,
        1,
        2,
        2,
        2,
        2,
        481,
        481,
        null,
        null,
        null,
        null,
        1,
        2,
        2,
        null,
        null,
        null,
        null,
        1,
        2,
        2,
        12,
        12,
        null,
        null,
        null,
        null,
        1,
        2,
        2,
        null,
        null,
        null,
        1,
        10,
        10,
        0,
        0,
        null,
        null,
        null,
        null
      ],
      "/home/billy/dev/bitster/lib/bitster/rsa_pub_key.rb": [
        1,
        null,
        null,
        null,
        null,
        1,
        null,
        1,
        null,
        1,
        3,
        3,
        3,
        null,
        null,
        1,
        4,
        null,
        null,
        1,
        3,
        null,
        null,
        1,
        1,
        null,
        null,
        null
      ],
      "/home/billy/dev/bitster/lib/bitster/rsa_private_key.rb": [
        1,
        null,
        null,
        null,
        null,
        1,
        null,
        1,
        null,
        1,
        3,
        3,
        3,
        3,
        null,
        null,
        1,
        4,
        null,
        null,
        1,
        3,
        null,
        null,
        1,
        1,
        null,
        null,
        null,
        null,
        null
      ],
      "/home/billy/dev/bitster/lib/bitster/rsa_machine.rb": [
        1,
        null,
        null,
        null,
        null,
        null,
        1,
        1,
        null,
        1,
        0,
        0,
        0,
        0,
        0,
        null,
        null,
        null,
        null,
        null,
        1,
        0,
        null,
        null,
        null,
        null,
        1,
        0,
        null,
        null,
        null,
        null
      ],
      "/home/billy/dev/bitster/spec/helpers_spec.rb": [
        1,
        null,
        1,
        5,
        null,
        null,
        1,
        1,
        1,
        1,
        null,
        null,
        1,
        1,
        1,
        null,
        18,
        18,
        18,
        null,
        null,
        null,
        null,
        1,
        1,
        10,
        null,
        1,
        10,
        null,
        null,
        null,
        1,
        1,
        10,
        null,
        1,
        10,
        null,
        null,
        null,
        1,
        1,
        10,
        null,
        1,
        10,
        null,
        null,
        null,
        null,
        null
      ],
      "/home/billy/dev/bitster/spec/rsa_key_pair_spec.rb": [
        1,
        null,
        1,
        1,
        1,
        null,
        0,
        null,
        null,
        null,
        1,
        1,
        null,
        null,
        1,
        1,
        null,
        null,
        null,
        1,
        1,
        null,
        null,
        null,
        null,
        null
      ],
      "/home/billy/dev/bitster/spec/rsa_private_key_spec.rb": [
        1,
        null,
        1,
        1,
        1,
        1,
        1,
        1,
        1,
        null,
        0,
        null,
        null,
        null,
        null,
        1,
        1,
        null,
        null,
        1,
        1,
        null,
        null,
        1,
        1,
        1,
        1,
        null,
        null,
        null,
        null
      ],
      "/home/billy/dev/bitster/spec/rsa_pub_key_spec.rb": [
        1,
        null,
        1,
        1,
        1,
        1,
        1,
        1,
        null,
        0,
        null,
        null,
        null,
        null,
        1,
        1,
        null,
        null,
        1,
        1,
        null,
        null,
        1,
        1,
        1,
        1,
        null,
        null,
        null,
        null
      ]
    },
    "timestamp": 1450896890
  }
}
